        -:    0:Source:dominion.c
        -:    0:Graph:dominion.gcno
        -:    0:Data:dominion.gcda
        -:    0:Runs:8
        -:    0:Programs:1
        -:    1:#include "dominion.h"
        -:    2:#include "dominion_helpers.h"
        -:    3:#include "rngs.h"
        -:    4:#include <stdio.h>
        -:    5:#include <math.h>
        -:    6:#include <stdlib.h>
        -:    7:
        -:    8:
        -:    9:
function compare called 236 returned 100% blocks executed 85%
        -:   10:int compare(const void* a, const void* b) {
      236:   11:  if (*(int*)a > *(int*)b)
branch  0 taken 0%
branch  1 taken 100%
    #####:   12:    return 1;
      236:   13:  if (*(int*)a < *(int*)b)
branch  0 taken 35%
branch  1 taken 65%
       83:   14:    return -1;
      153:   15:  return 0;
      236:   16:}
        -:   17:
function newGame called 0 returned 0% blocks executed 0%
        -:   18:struct gameState* newGame() {
    #####:   19:  struct gameState* g = malloc(sizeof(struct gameState));
    #####:   20:  return g;
        -:   21:}
        -:   22:
function kingdomCards called 0 returned 0% blocks executed 0%
        -:   23:int* kingdomCards(int k1, int k2, int k3, int k4, int k5, int k6, int k7,
        -:   24:		  int k8, int k9, int k10) {
    #####:   25:  int* k = malloc(10 * sizeof(int));
    #####:   26:  k[0] = k1;
    #####:   27:  k[1] = k2;
    #####:   28:  k[2] = k3;
    #####:   29:  k[3] = k4;
    #####:   30:  k[4] = k5;
    #####:   31:  k[5] = k6;
    #####:   32:  k[6] = k7;
    #####:   33:  k[7] = k8;
    #####:   34:  k[8] = k9;
    #####:   35:  k[9] = k10;
    #####:   36:  return k;
        -:   37:}
        -:   38:
function initializeGame called 8 returned 100% blocks executed 83%
        -:   39:int initializeGame(int numPlayers, int kingdomCards[10], int randomSeed,
        -:   40:		   struct gameState *state) {
        -:   41:
        -:   42:  int i;
        -:   43:  int j;
        -:   44:  int it;			
        -:   45:  //set up random number generator
        8:   46:  SelectStream(1);
        8:   47:  PutSeed((long)randomSeed);
        -:   48:  
        -:   49:  //check number of players
       16:   50:  if (numPlayers > MAX_PLAYERS || numPlayers < 2)
branch  0 taken 100%
branch  1 taken 0%
branch  2 taken 0%
branch  3 taken 100%
        -:   51:    {
    #####:   52:      return -1;
        -:   53:    }
        -:   54:
        -:   55:  //set number of players
        8:   56:  state->numPlayers = numPlayers;
        -:   57:
        -:   58:  //check selected kingdom cards are different
      176:   59:  for (i = 0; i < 10; i++)
branch  0 taken 91%
branch  1 taken 9%
        -:   60:    {
     1760:   61:      for (j = 0; j < 10; j++)
branch  0 taken 91%
branch  1 taken 9%
        -:   62:        {
     1520:   63:	  if (j != i && kingdomCards[j] == kingdomCards[i])
branch  0 taken 90%
branch  1 taken 10%
branch  2 taken 0%
branch  3 taken 100%
        -:   64:	    {
    #####:   65:	      return -1;
        -:   66:	    }
      800:   67:        }
       80:   68:    }
        -:   69:
        -:   70:
        -:   71:  //initialize supply
        -:   72:  ///////////////////////////////
        -:   73:
        -:   74:  //set number of Curse cards
        8:   75:  if (numPlayers == 2)
branch  0 taken 100%
branch  1 taken 0%
        -:   76:    {
        8:   77:      state->supplyCount[curse] = 10;
        8:   78:    }
    #####:   79:  else if (numPlayers == 3)
branch  0 never executed
branch  1 never executed
        -:   80:    {
    #####:   81:      state->supplyCount[curse] = 20;
    #####:   82:    }
        -:   83:  else
        -:   84:    {
    #####:   85:      state->supplyCount[curse] = 30;
        -:   86:    }
        -:   87:
        -:   88:  //set number of Victory cards
        8:   89:  if (numPlayers == 2)
branch  0 taken 100%
branch  1 taken 0%
        -:   90:    {
        8:   91:      state->supplyCount[estate] = 8;
        8:   92:      state->supplyCount[duchy] = 8;
        8:   93:      state->supplyCount[province] = 8;
        8:   94:    }
        -:   95:  else
        -:   96:    {
    #####:   97:      state->supplyCount[estate] = 12;
    #####:   98:      state->supplyCount[duchy] = 12;
    #####:   99:      state->supplyCount[province] = 12;
        -:  100:    }
        -:  101:
        -:  102:  //set number of Treasure cards
        8:  103:  state->supplyCount[copper] = 60 - (7 * numPlayers);
        8:  104:  state->supplyCount[silver] = 40;
        8:  105:  state->supplyCount[gold] = 30;
        -:  106:
        -:  107:  //set number of Kingdom cards
      336:  108:  for (i = adventurer; i <= treasure_map; i++)       	//loop all cards
branch  0 taken 95%
branch  1 taken 5%
        -:  109:    {
     2640:  110:      for (j = 0; j < 10; j++)           		//loop chosen cards
branch  0 taken 94%
branch  1 taken 6%
        -:  111:	{
     1240:  112:	  if (kingdomCards[j] == i)
branch  0 taken 6%
branch  1 taken 94%
        -:  113:	    {
        -:  114:	      //check if card is a 'Victory' Kingdom card
      160:  115:	      if (kingdomCards[j] == great_hall || kingdomCards[j] == gardens)
branch  0 taken 100%
branch  1 taken 0%
branch  2 taken 0%
branch  3 taken 100%
        -:  116:		{
    #####:  117:		  if (numPlayers == 2){ 
branch  0 never executed
branch  1 never executed
    #####:  118:		    state->supplyCount[i] = 8; 
    #####:  119:		  }
    #####:  120:		  else{ state->supplyCount[i] = 12; }
    #####:  121:		}
        -:  122:	      else
        -:  123:		{
       80:  124:		  state->supplyCount[i] = 10;
        -:  125:		}
       80:  126:	      break;
        -:  127:	    }
        -:  128:	  else    //card is not in the set choosen for the game
        -:  129:	    {
     1160:  130:	      state->supplyCount[i] = -1;
        -:  131:	    }
     1160:  132:	}
        -:  133:
      160:  134:    }
        -:  135:
        -:  136:  ////////////////////////
        -:  137:  //supply intilization complete
        -:  138:
        -:  139:  //set player decks
       48:  140:  for (i = 0; i < numPlayers; i++)
branch  0 taken 67%
branch  1 taken 33%
        -:  141:    {
       16:  142:      state->deckCount[i] = 0;
      128:  143:      for (j = 0; j < 3; j++)
branch  0 taken 75%
branch  1 taken 25%
        -:  144:	{
       48:  145:	  state->deck[i][j] = estate;
       48:  146:	  state->deckCount[i]++;
       48:  147:	}
      256:  148:      for (j = 3; j < 10; j++)
branch  0 taken 88%
branch  1 taken 13%
        -:  149:	{
      112:  150:	  state->deck[i][j] = copper;
      112:  151:	  state->deckCount[i]++;		
      112:  152:	}
       16:  153:    }
        -:  154:
        -:  155:  //shuffle player decks
       48:  156:  for (i = 0; i < numPlayers; i++)
branch  0 taken 67%
branch  1 taken 33%
        -:  157:    {
       16:  158:      if ( shuffle(i, state) < 0 )
branch  0 taken 0%
branch  1 taken 100%
        -:  159:	{
    #####:  160:	  return -1;
        -:  161:	}
       16:  162:    }
        -:  163:
        -:  164:  //draw player hands
       48:  165:  for (i = 0; i < numPlayers; i++)
branch  0 taken 67%
branch  1 taken 33%
        -:  166:    {  
        -:  167:      //initialize hand size to zero
       16:  168:      state->handCount[i] = 0;
       16:  169:      state->discardCount[i] = 0;
        -:  170:      //draw 5 cards
        -:  171:      // for (j = 0; j < 5; j++)
        -:  172:      //	{
        -:  173:      //	  drawCard(i, state);
        -:  174:      //	}
       16:  175:    }
        -:  176:  
        -:  177:  //set embargo tokens to 0 for all supply piles
      448:  178:  for (i = 0; i <= treasure_map; i++)
branch  0 taken 96%
branch  1 taken 4%
        -:  179:    {
      216:  180:      state->embargoTokens[i] = 0;
      216:  181:    }
        -:  182:
        -:  183:  //initialize first player's turn
        8:  184:  state->outpostPlayed = 0;
        8:  185:  state->phase = 0;
        8:  186:  state->numActions = 1;
        8:  187:  state->numBuys = 1;
        8:  188:  state->playedCardCount = 0;
        8:  189:  state->whoseTurn = 0;
        8:  190:  state->handCount[state->whoseTurn] = 0;
        -:  191:  //int it; move to top
        -:  192:
        -:  193:  //Moved draw cards to here, only drawing at the start of a turn
       96:  194:  for (it = 0; it < 5; it++){
branch  0 taken 83%
branch  1 taken 17%
       40:  195:    drawCard(state->whoseTurn, state);
       40:  196:  }
        -:  197:
        8:  198:  updateCoins(state->whoseTurn, state, 0);
        -:  199:
        8:  200:  return 0;
        8:  201:}
        -:  202:
function shuffle called 24 returned 100% blocks executed 100%
        -:  203:int shuffle(int player, struct gameState *state) {
        -:  204:
        -:  205:  int newDeck[MAX_DECK];
       24:  206:  int newDeckPos = 0;
        -:  207:  int card;
        -:  208:  int i;
        -:  209:
       24:  210:  if (state->deckCount[player] < 1)
branch  0 taken 21%
branch  1 taken 79%
        5:  211:    return -1;
       19:  212:  qsort ((void*)(state->deck[player]), state->deckCount[player], sizeof(int), compare); 
        -:  213:  /* SORT CARDS IN DECK TO ENSURE DETERMINISM! */
        -:  214:
      388:  215:  while (state->deckCount[player] > 0) {
branch  0 taken 90%
branch  1 taken 10%
      175:  216:    card = floor(Random() * state->deckCount[player]); //bug, since Random() can return 1.0
      175:  217:    newDeck[newDeckPos] = state->deck[player][card];
      175:  218:    newDeckPos++;
     1330:  219:    for (i = card; i < state->deckCount[player]-1; i++) {
branch  0 taken 74%
branch  1 taken 26%
      490:  220:      state->deck[player][i] = state->deck[player][i+1];
      490:  221:    }
      175:  222:    state->deckCount[player]--;
        -:  223:  }
      388:  224:  for (i = 0; i < newDeckPos; i++) {
branch  0 taken 90%
branch  1 taken 10%
      175:  225:    state->deck[player][i] = newDeck[i];
      175:  226:    state->deckCount[player]++;
      175:  227:  }
        -:  228:
       19:  229:  return 0;
       24:  230:}
        -:  231:
function playCard called 0 returned 0% blocks executed 0%
        -:  232:int playCard(int handPos, int choice1, int choice2, int choice3, struct gameState *state) 
        -:  233:{	
        -:  234:  int card;
    #####:  235:  int coin_bonus = 0; 		//tracks coins gain from actions
        -:  236:
        -:  237:  //check if it is the right phase
    #####:  238:  if (state->phase != 0)
branch  0 never executed
branch  1 never executed
        -:  239:    {
    #####:  240:      return -1;
        -:  241:    }
        -:  242:	
        -:  243:  //check if player has enough actions
    #####:  244:  if ( state->numActions < 1 )
branch  0 never executed
branch  1 never executed
        -:  245:    {
    #####:  246:      return -1;
        -:  247:    }
        -:  248:	
        -:  249:  //get card played
    #####:  250:  card = handCard(handPos, state);
        -:  251:	
        -:  252:  //check if selected card is an action
    #####:  253:  if ( card < adventurer || card > treasure_map )
branch  0 never executed
branch  1 never executed
branch  2 never executed
branch  3 never executed
        -:  254:    {
    #####:  255:      return -1;
        -:  256:    }
        -:  257:	
        -:  258:  //play card
    #####:  259:  if ( cardEffect(card, choice1, choice2, choice3, state, handPos, &coin_bonus) < 0 )
branch  0 never executed
branch  1 never executed
        -:  260:    {
    #####:  261:      return -1;
        -:  262:    }
        -:  263:	
        -:  264:  //reduce number of actions
    #####:  265:  state->numActions--;
        -:  266:
        -:  267:  //update coins (Treasure cards may be added with card draws)
    #####:  268:  updateCoins(state->whoseTurn, state, coin_bonus);
        -:  269:	
    #####:  270:  return 0;
    #####:  271:}
        -:  272:
function buyCard called 0 returned 0% blocks executed 0%
        -:  273:int buyCard(int supplyPos, struct gameState *state) {
        -:  274:  int who;
        -:  275:  if (DEBUG){
        -:  276:    printf("Entering buyCard...\n");
        -:  277:  }
        -:  278:
        -:  279:  // I don't know what to do about the phase thing.
        -:  280:
    #####:  281:  who = state->whoseTurn;
        -:  282:
    #####:  283:  if (state->numBuys < 1){
branch  0 never executed
branch  1 never executed
        -:  284:    if (DEBUG)
        -:  285:      printf("You do not have any buys left\n");
    #####:  286:    return -1;
    #####:  287:  } else if (supplyCount(supplyPos, state) <1){
branch  0 never executed
branch  1 never executed
        -:  288:    if (DEBUG)
        -:  289:      printf("There are not any of that type of card left\n");
    #####:  290:    return -1;
    #####:  291:  } else if (state->coins < getCost(supplyPos)){
branch  0 never executed
branch  1 never executed
        -:  292:    if (DEBUG) 
        -:  293:      printf("You do not have enough money to buy that. You have %d coins.\n", state->coins);
    #####:  294:    return -1;
        -:  295:  } else {
    #####:  296:    state->phase=1;
        -:  297:    //state->supplyCount[supplyPos]--;
    #####:  298:    gainCard(supplyPos, state, 0, who); //card goes in discard, this might be wrong.. (2 means goes into hand, 0 goes into discard)
        -:  299:  
    #####:  300:    state->coins = (state->coins) - (getCost(supplyPos));
    #####:  301:    state->numBuys--;
        -:  302:    if (DEBUG)
        -:  303:      printf("You bought card number %d for %d coins. You now have %d buys and %d coins.\n", supplyPos, getCost(supplyPos), state->numBuys, state->coins);
        -:  304:  }
        -:  305:
        -:  306:  //state->discard[who][state->discardCount[who]] = supplyPos;
        -:  307:  //state->discardCount[who]++;
        -:  308:    
    #####:  309:  return 0;
    #####:  310:}
        -:  311:
function numHandCards called 0 returned 0% blocks executed 0%
        -:  312:int numHandCards(struct gameState *state) {
    #####:  313:  return state->handCount[ whoseTurn(state) ];
        -:  314:}
        -:  315:
function handCard called 0 returned 0% blocks executed 0%
        -:  316:int handCard(int handPos, struct gameState *state) {
    #####:  317:  int currentPlayer = whoseTurn(state);
    #####:  318:  return state->hand[currentPlayer][handPos];
        -:  319:}
        -:  320:
function supplyCount called 43 returned 100% blocks executed 100%
        -:  321:int supplyCount(int card, struct gameState *state) {
       43:  322:  return state->supplyCount[card];
        -:  323:}
        -:  324:
function fullDeckCount called 0 returned 0% blocks executed 0%
        -:  325:int fullDeckCount(int player, int card, struct gameState *state) {
        -:  326:  int i;
    #####:  327:  int count = 0;
        -:  328:
    #####:  329:  for (i = 0; i < state->deckCount[player]; i++)
branch  0 never executed
branch  1 never executed
        -:  330:    {
    #####:  331:      if (state->deck[player][i] == card) count++;
branch  0 never executed
branch  1 never executed
    #####:  332:    }
        -:  333:
    #####:  334:  for (i = 0; i < state->handCount[player]; i++)
branch  0 never executed
branch  1 never executed
        -:  335:    {
    #####:  336:      if (state->hand[player][i] == card) count++;
branch  0 never executed
branch  1 never executed
    #####:  337:    }
        -:  338:
    #####:  339:  for (i = 0; i < state->discardCount[player]; i++)
branch  0 never executed
branch  1 never executed
        -:  340:    {
    #####:  341:      if (state->discard[player][i] == card) count++;
branch  0 never executed
branch  1 never executed
    #####:  342:    }
        -:  343:
    #####:  344:  return count;
        -:  345:}
        -:  346:
function whoseTurn called 0 returned 0% blocks executed 0%
        -:  347:int whoseTurn(struct gameState *state) {
    #####:  348:  return state->whoseTurn;
        -:  349:}
        -:  350:
function endTurn called 0 returned 0% blocks executed 0%
        -:  351:int endTurn(struct gameState *state) {
        -:  352:  int k;
        -:  353:  int i;
    #####:  354:  int currentPlayer = whoseTurn(state);
        -:  355:  
        -:  356:  //Discard hand
    #####:  357:  for (i = 0; i < state->handCount[currentPlayer]; i++){
branch  0 never executed
branch  1 never executed
    #####:  358:    state->discard[currentPlayer][state->discardCount[currentPlayer]++] = state->hand[currentPlayer][i];//Discard
    #####:  359:    state->hand[currentPlayer][i] = -1;//Set card to -1
    #####:  360:  }
    #####:  361:  state->handCount[currentPlayer] = 0;//Reset hand count
        -:  362:    
        -:  363:  //Code for determining the player
    #####:  364:  if (currentPlayer < (state->numPlayers - 1)){ 
branch  0 never executed
branch  1 never executed
    #####:  365:    state->whoseTurn = currentPlayer + 1;//Still safe to increment
    #####:  366:  }
        -:  367:  else{
    #####:  368:    state->whoseTurn = 0;//Max player has been reached, loop back around to player 1
        -:  369:  }
        -:  370:
    #####:  371:  state->outpostPlayed = 0;
    #####:  372:  state->phase = 0;
    #####:  373:  state->numActions = 1;
    #####:  374:  state->coins = 0;
    #####:  375:  state->numBuys = 1;
    #####:  376:  state->playedCardCount = 0;
    #####:  377:  state->handCount[state->whoseTurn] = 0;
        -:  378:
        -:  379:  //int k; move to top
        -:  380:  //Next player draws hand
    #####:  381:  for (k = 0; k < 5; k++){
branch  0 never executed
branch  1 never executed
    #####:  382:    drawCard(state->whoseTurn, state);//Draw a card
    #####:  383:  }
        -:  384:
        -:  385:  //Update money
    #####:  386:  updateCoins(state->whoseTurn, state , 0);
        -:  387:
    #####:  388:  return 0;
        -:  389:}
        -:  390:
function isGameOver called 28216 returned 100% blocks executed 100%
        -:  391:int isGameOver(struct gameState *state) {
        -:  392:  int i;
        -:  393:  int j;
        -:  394:	
        -:  395:  //if stack of Province cards is empty, the game ends
    28216:  396:  if (state->supplyCount[province] == 0)
branch  0 taken 12%
branch  1 taken 88%
        -:  397:    {
     3314:  398:      return 1;
        -:  399:    }
        -:  400:
        -:  401:  //if three supply piles are at 0, the game ends
    24902:  402:  j = 0;
  1294904:  403:  for (i = 0; i < 25; i++)
branch  0 taken 96%
branch  1 taken 4%
        -:  404:    {
   622550:  405:      if (state->supplyCount[i] == 0)
branch  0 taken 12%
branch  1 taken 88%
        -:  406:	{
    73971:  407:	  j++;
    73971:  408:	}
   622550:  409:    }
    24902:  410:  if ( j >= 3)
branch  0 taken 98%
branch  1 taken 2%
        -:  411:    {
    24289:  412:      return 1;
        -:  413:    }
        -:  414:
      613:  415:  return 0;
    28216:  416:}
        -:  417:
function scoreFor called 0 returned 0% blocks executed 0%
        -:  418:int scoreFor (int player, struct gameState *state) {
        -:  419:
        -:  420:  int i;
    #####:  421:  int score = 0;
        -:  422:  //score from hand
    #####:  423:  for (i = 0; i < state->handCount[player]; i++)
branch  0 never executed
branch  1 never executed
        -:  424:    {
    #####:  425:      if (state->hand[player][i] == curse) { score = score - 1; };
branch  0 never executed
branch  1 never executed
    #####:  426:      if (state->hand[player][i] == estate) { score = score + 1; };
branch  0 never executed
branch  1 never executed
    #####:  427:      if (state->hand[player][i] == duchy) { score = score + 3; };
branch  0 never executed
branch  1 never executed
    #####:  428:      if (state->hand[player][i] == province) { score = score + 6; };
branch  0 never executed
branch  1 never executed
    #####:  429:      if (state->hand[player][i] == great_hall) { score = score + 1; };
branch  0 never executed
branch  1 never executed
    #####:  430:      if (state->hand[player][i] == gardens) { score = score + ( fullDeckCount(player, 0, state) / 10 ); };
branch  0 never executed
branch  1 never executed
    #####:  431:    }
        -:  432:
        -:  433:  //score from discard
    #####:  434:  for (i = 0; i < state->discardCount[player]; i++)
branch  0 never executed
branch  1 never executed
        -:  435:    {
    #####:  436:      if (state->discard[player][i] == curse) { score = score - 1; };
branch  0 never executed
branch  1 never executed
    #####:  437:      if (state->discard[player][i] == estate) { score = score + 1; };
branch  0 never executed
branch  1 never executed
    #####:  438:      if (state->discard[player][i] == duchy) { score = score + 3; };
branch  0 never executed
branch  1 never executed
    #####:  439:      if (state->discard[player][i] == province) { score = score + 6; };
branch  0 never executed
branch  1 never executed
    #####:  440:      if (state->discard[player][i] == great_hall) { score = score + 1; };
branch  0 never executed
branch  1 never executed
    #####:  441:      if (state->discard[player][i] == gardens) { score = score + ( fullDeckCount(player, 0, state) / 10 ); };
branch  0 never executed
branch  1 never executed
    #####:  442:    }
        -:  443:
        -:  444:  //score from deck
    #####:  445:  for (i = 0; i < state->discardCount[player]; i++)
branch  0 never executed
branch  1 never executed
        -:  446:    {
    #####:  447:      if (state->deck[player][i] == curse) { score = score - 1; };
branch  0 never executed
branch  1 never executed
    #####:  448:      if (state->deck[player][i] == estate) { score = score + 1; };
branch  0 never executed
branch  1 never executed
    #####:  449:      if (state->deck[player][i] == duchy) { score = score + 3; };
branch  0 never executed
branch  1 never executed
    #####:  450:      if (state->deck[player][i] == province) { score = score + 6; };
branch  0 never executed
branch  1 never executed
    #####:  451:      if (state->deck[player][i] == great_hall) { score = score + 1; };
branch  0 never executed
branch  1 never executed
    #####:  452:      if (state->deck[player][i] == gardens) { score = score + ( fullDeckCount(player, 0, state) / 10 ); };
branch  0 never executed
branch  1 never executed
    #####:  453:    }
        -:  454:
    #####:  455:  return score;
        -:  456:}
        -:  457:
function getWinners called 0 returned 0% blocks executed 0%
        -:  458:int getWinners(int players[MAX_PLAYERS], struct gameState *state) {
        -:  459:  int i;	
        -:  460:  int j;
        -:  461:  int highScore;
        -:  462:  int currentPlayer;
        -:  463:
        -:  464:  //get score for each player
    #####:  465:  for (i = 0; i < MAX_PLAYERS; i++)
branch  0 never executed
branch  1 never executed
        -:  466:    {
        -:  467:      //set unused player scores to -9999
    #####:  468:      if (i >= state->numPlayers)
branch  0 never executed
branch  1 never executed
        -:  469:	{
    #####:  470:	  players[i] = -9999;
    #####:  471:	}
        -:  472:      else
        -:  473:	{
    #####:  474:	  players[i] = scoreFor (i, state);
        -:  475:	}
    #####:  476:    }
        -:  477:
        -:  478:  //find highest score
    #####:  479:  j = 0;
    #####:  480:  for (i = 0; i < MAX_PLAYERS; i++)
branch  0 never executed
branch  1 never executed
        -:  481:    {
    #####:  482:      if (players[i] > players[j])
branch  0 never executed
branch  1 never executed
        -:  483:	{
    #####:  484:	  j = i;
    #####:  485:	}
    #####:  486:    }
    #####:  487:  highScore = players[j];
        -:  488:
        -:  489:  //add 1 to players who had less turns
    #####:  490:  currentPlayer = whoseTurn(state);
    #####:  491:  for (i = 0; i < MAX_PLAYERS; i++)
branch  0 never executed
branch  1 never executed
        -:  492:    {
    #####:  493:      if ( players[i] == highScore && i > currentPlayer )
branch  0 never executed
branch  1 never executed
branch  2 never executed
branch  3 never executed
        -:  494:	{
    #####:  495:	  players[i]++;
    #####:  496:	}
    #####:  497:    }
        -:  498:
        -:  499:  //find new highest score
    #####:  500:  j = 0;
    #####:  501:  for (i = 0; i < MAX_PLAYERS; i++)
branch  0 never executed
branch  1 never executed
        -:  502:    {
    #####:  503:      if ( players[i] > players[j] )
branch  0 never executed
branch  1 never executed
        -:  504:	{
    #####:  505:	  j = i;
    #####:  506:	}
    #####:  507:    }
    #####:  508:  highScore = players[j];
        -:  509:
        -:  510:  //set winners in array to 1 and rest to 0
    #####:  511:  for (i = 0; i < MAX_PLAYERS; i++)
branch  0 never executed
branch  1 never executed
        -:  512:    {
    #####:  513:      if ( players[i] == highScore )
branch  0 never executed
branch  1 never executed
        -:  514:	{
    #####:  515:	  players[i] = 1;
    #####:  516:	}
        -:  517:      else
        -:  518:	{
    #####:  519:	  players[i] = 0;
        -:  520:	}
    #####:  521:    }
        -:  522:
    #####:  523:  return 0;
        -:  524:}
        -:  525:
function drawCard called 59 returned 100% blocks executed 75%
        -:  526:int drawCard(int player, struct gameState *state)
        -:  527:{	int count;
        -:  528:  int deckCounter;
       59:  529:  if (state->deckCount[player] <= 0){//Deck is empty
branch  0 taken 3%
branch  1 taken 97%
        -:  530:    
        -:  531:    //Step 1 Shuffle the discard pile back into a deck
        -:  532:    int i;
        -:  533:    //Move discard to deck
        4:  534:    for (i = 0; i < state->discardCount[player];i++){
branch  0 taken 0%
branch  1 taken 100%
    #####:  535:      state->deck[player][i] = state->discard[player][i];
    #####:  536:      state->discard[player][i] = -1;
    #####:  537:    }
        -:  538:
        2:  539:    state->deckCount[player] = state->discardCount[player];
        2:  540:    state->discardCount[player] = 0;//Reset discard
        -:  541:
        -:  542:    //Shuffle the deck
        2:  543:    shuffle(player, state);//Shuffle the deck up and make it so that we can draw
        -:  544:   
        -:  545:    if (DEBUG){//Debug statements
        -:  546:      printf("Deck count now: %d\n", state->deckCount[player]);
        -:  547:    }
        -:  548:    
        2:  549:    state->discardCount[player] = 0;
        -:  550:
        -:  551:    //Step 2 Draw Card
        2:  552:    count = state->handCount[player];//Get current player's hand count
        -:  553:    
        -:  554:    if (DEBUG){//Debug statements
        -:  555:      printf("Current hand count: %d\n", count);
        -:  556:    }
        -:  557:    
        2:  558:    deckCounter = state->deckCount[player];//Create a holder for the deck count
        -:  559:
        2:  560:    if (deckCounter == 0)
branch  0 taken 100%
branch  1 taken 0%
        2:  561:      return -1;
        -:  562:
    #####:  563:    state->hand[player][count] = state->deck[player][deckCounter - 1];//Add card to hand
    #####:  564:    state->deckCount[player]--;
    #####:  565:    state->handCount[player]++;//Increment hand count
    #####:  566:  }
        -:  567:
        -:  568:  else{
       57:  569:    int count = state->handCount[player];//Get current hand count for player
        -:  570:    int deckCounter;
        -:  571:    if (DEBUG){//Debug statements
        -:  572:      printf("Current hand count: %d\n", count);
        -:  573:    }
        -:  574:
       57:  575:    deckCounter = state->deckCount[player];//Create holder for the deck count
       57:  576:    state->hand[player][count] = state->deck[player][deckCounter - 1];//Add card to the hand
       57:  577:    state->deckCount[player]--;
       57:  578:    state->handCount[player]++;//Increment hand count
        -:  579:  }
        -:  580:
       57:  581:  return 0;
       59:  582:}
        -:  583:
function getCost called 8 returned 100% blocks executed 19%
        -:  584:int getCost(int cardNumber)
        -:  585:{
        8:  586:  switch( cardNumber ) 
branch  0 taken 0%
branch  1 taken 0%
branch  2 taken 0%
branch  3 taken 0%
branch  4 taken 50%
branch  5 taken 25%
branch  6 taken 25%
branch  7 taken 0%
branch  8 taken 0%
branch  9 taken 0%
branch 10 taken 0%
branch 11 taken 0%
branch 12 taken 0%
branch 13 taken 0%
branch 14 taken 0%
branch 15 taken 0%
branch 16 taken 0%
branch 17 taken 0%
branch 18 taken 0%
branch 19 taken 0%
branch 20 taken 0%
branch 21 taken 0%
branch 22 taken 0%
branch 23 taken 0%
branch 24 taken 0%
branch 25 taken 0%
branch 26 taken 0%
branch 27 taken 0%
        -:  587:    {
        -:  588:    case curse:
    #####:  589:      return 0;
        -:  590:    case estate:
    #####:  591:      return 2;
        -:  592:    case duchy:
    #####:  593:      return 5;
        -:  594:    case province:
    #####:  595:      return 8;
        -:  596:    case copper:
        4:  597:      return 0;
        -:  598:    case silver:
        2:  599:      return 3;
        -:  600:    case gold:
        2:  601:      return 6;
        -:  602:    case adventurer:
    #####:  603:      return 6;
        -:  604:    case council_room:
    #####:  605:      return 5;
        -:  606:    case feast:
    #####:  607:      return 4;
        -:  608:    case gardens:
    #####:  609:      return 4;
        -:  610:    case mine:
    #####:  611:      return 5;
        -:  612:    case remodel:
    #####:  613:      return 4;
        -:  614:    case smithy:
    #####:  615:      return 4;
        -:  616:    case village:
    #####:  617:      return 3;
        -:  618:    case baron:
    #####:  619:      return 4;
        -:  620:    case great_hall:
    #####:  621:      return 3;
        -:  622:    case minion:
    #####:  623:      return 5;
        -:  624:    case steward:
    #####:  625:      return 3;
        -:  626:    case tribute:
    #####:  627:      return 5;
        -:  628:    case ambassador:
    #####:  629:      return 3;
        -:  630:    case cutpurse:
    #####:  631:      return 4;
        -:  632:    case embargo: 
    #####:  633:      return 2;
        -:  634:    case outpost:
    #####:  635:      return 5;
        -:  636:    case salvager:
    #####:  637:      return 4;
        -:  638:    case sea_hag:
    #####:  639:      return 4;
        -:  640:    case treasure_map:
    #####:  641:      return 4;
        -:  642:    }
        -:  643:	
    #####:  644:  return -1;
        8:  645:}
        -:  646:
function cardEffect called 0 returned 0% blocks executed 0%
        -:  647:int cardEffect(int card, int choice1, int choice2, int choice3, struct gameState *state, int handPos, int *bonus)
        -:  648:{
        -:  649:  int i;
        -:  650:  int j;
        -:  651:  int k;
        -:  652:  int x;
        -:  653:  int index;
    #####:  654:  int currentPlayer = whoseTurn(state);
    #####:  655:  int nextPlayer = currentPlayer + 1;
        -:  656:
    #####:  657:  int tributeRevealedCards[2] = {-1, -1};
        -:  658:  int temphand[MAX_HAND];// moved above the if statement
    #####:  659:  int drawntreasure=0;
    #####:  660:  int cardDrawn = 0;
    #####:  661:  int z = 0;// this is the counter for the temp hand
    #####:  662:  if (nextPlayer > (state->numPlayers - 1)){
branch  0 never executed
branch  1 never executed
    #####:  663:    nextPlayer = 0;
    #####:  664:  }
        -:  665:  
        -:  666:	
        -:  667:  //uses switch to select card and perform actions
    #####:  668:  switch( card ) 
branch  0 never executed
branch  1 never executed
branch  2 never executed
branch  3 never executed
branch  4 never executed
branch  5 never executed
branch  6 never executed
branch  7 never executed
branch  8 never executed
branch  9 never executed
branch 10 never executed
branch 11 never executed
branch 12 never executed
branch 13 never executed
branch 14 never executed
branch 15 never executed
branch 16 never executed
branch 17 never executed
branch 18 never executed
branch 19 never executed
branch 20 never executed
        -:  669:    {
        -:  670:    case adventurer:
    #####:  671:     	return adventurer_effect(drawntreasure, currentPlayer, cardDrawn, z, temphand, state, handPos);
        -:  672:            
        -:  673:    case council_room:
    #####:  674:            return council_room_effect(currentPlayer, state, handPos);
        -:  675:            
        -:  676:    case feast:
        -:  677:      //gain card with cost up to 5
        -:  678:      //Backup hand
    #####:  679:      for (i = 0; i <= state->handCount[currentPlayer]; i++){
branch  0 never executed
branch  1 never executed
    #####:  680:	temphand[i] = state->hand[currentPlayer][i];//Backup card
    #####:  681:	state->hand[currentPlayer][i] = -1;//Set to nothing
    #####:  682:      }
        -:  683:      //Backup hand
        -:  684:
        -:  685:      //Update Coins for Buy
    #####:  686:      updateCoins(currentPlayer, state, 5);
    #####:  687:      x = 1;//Condition to loop on
    #####:  688:      while( x == 1) {//Buy one card
branch  0 never executed
branch  1 never executed
    #####:  689:	if (supplyCount(choice1, state) <= 0){
branch  0 never executed
branch  1 never executed
        -:  690:	  if (DEBUG)
        -:  691:	    printf("None of that card left, sorry!\n");
        -:  692:
        -:  693:	  if (DEBUG){
        -:  694:	    printf("Cards Left: %d\n", supplyCount(choice1, state));
        -:  695:	  }
    #####:  696:	}
    #####:  697:	else if (state->coins < getCost(choice1)){
branch  0 never executed
branch  1 never executed
    #####:  698:	  printf("That card is too expensive!\n");
        -:  699:
        -:  700:	  if (DEBUG){
        -:  701:	    printf("Coins: %d < %d\n", state->coins, getCost(choice1));
        -:  702:	  }
    #####:  703:	}
        -:  704:	else{
        -:  705:
        -:  706:	  if (DEBUG){
        -:  707:	    printf("Deck Count: %d\n", state->handCount[currentPlayer] + state->deckCount[currentPlayer] + state->discardCount[currentPlayer]);
        -:  708:	  }
        -:  709:
    #####:  710:	  gainCard(choice1, state, 0, currentPlayer);//Gain the card
    #####:  711:	  x = 0;//No more buying cards
        -:  712:
        -:  713:	  if (DEBUG){
        -:  714:	    printf("Deck Count: %d\n", state->handCount[currentPlayer] + state->deckCount[currentPlayer] + state->discardCount[currentPlayer]);
        -:  715:	  }
        -:  716:
        -:  717:	}
        -:  718:      }     
        -:  719:
        -:  720:      //Reset Hand
    #####:  721:      for (i = 0; i <= state->handCount[currentPlayer]; i++){
branch  0 never executed
branch  1 never executed
    #####:  722:	state->hand[currentPlayer][i] = temphand[i];
    #####:  723:	temphand[i] = -1;
    #####:  724:      }
        -:  725:      //Reset Hand
        -:  726:      			
    #####:  727:      return 0;
        -:  728:			
        -:  729:    case gardens:
    #####:  730:      return -1;
        -:  731:			
        -:  732:    case mine:
    #####:  733:            return mine_effect(state, choice1, choice2, currentPlayer, handPos);
        -:  734:            
        -:  735:    case remodel:
    #####:  736:      j = state->hand[currentPlayer][choice1];  //store card we will trash
        -:  737:
    #####:  738:      if ( (getCost(state->hand[currentPlayer][choice1]) + 2) > getCost(choice2) )
branch  0 never executed
branch  1 never executed
        -:  739:	{
    #####:  740:	  return -1;
        -:  741:	}
        -:  742:
    #####:  743:      gainCard(choice2, state, 0, currentPlayer);
        -:  744:
        -:  745:      //discard card from hand
    #####:  746:      discardCard(handPos, currentPlayer, state, 0);
        -:  747:
        -:  748:      //discard trashed card
    #####:  749:      for (i = 0; i < state->handCount[currentPlayer]; i++)
branch  0 never executed
branch  1 never executed
        -:  750:	{
    #####:  751:	  if (state->hand[currentPlayer][i] == j)
branch  0 never executed
branch  1 never executed
        -:  752:	    {
    #####:  753:	      discardCard(i, currentPlayer, state, 0);			
    #####:  754:	      break;
        -:  755:	    }
    #####:  756:	}
        -:  757:
        -:  758:
    #####:  759:      return 0;
        -:  760:		
        -:  761:    case smithy:
    #####:  762:            return smithy_effect(currentPlayer, handPos, state);
        -:  763:
        -:  764:    case village:
    #####:  765:            return village_effect(currentPlayer, state, handPos);
        -:  766:            
        -:  767:    case baron:
    #####:  768:      state->numBuys++;//Increase buys by 1!
    #####:  769:      if (choice1 > 0){//Boolean true or going to discard an estate
branch  0 never executed
branch  1 never executed
    #####:  770:	int p = 0;//Iterator for hand!
    #####:  771:	int card_not_discarded = 1;//Flag for discard set!
    #####:  772:	while(card_not_discarded){
branch  0 never executed
branch  1 never executed
    #####:  773:	  if (state->hand[currentPlayer][p] == estate){//Found an estate card!
branch  0 never executed
branch  1 never executed
    #####:  774:	    state->coins += 4;//Add 4 coins to the amount of coins
    #####:  775:	    state->discard[currentPlayer][state->discardCount[currentPlayer]] = state->hand[currentPlayer][p];
    #####:  776:	    state->discardCount[currentPlayer]++;
    #####:  777:	    for (;p < state->handCount[currentPlayer]; p++){
branch  0 never executed
branch  1 never executed
    #####:  778:	      state->hand[currentPlayer][p] = state->hand[currentPlayer][p+1];
    #####:  779:	    }
    #####:  780:	    state->hand[currentPlayer][state->handCount[currentPlayer]] = -1;
    #####:  781:	    state->handCount[currentPlayer]--;
    #####:  782:	    card_not_discarded = 0;//Exit the loop
    #####:  783:	  }
    #####:  784:	  else if (p > state->handCount[currentPlayer]){
branch  0 never executed
branch  1 never executed
        -:  785:	    if(DEBUG) {
        -:  786:	      printf("No estate cards in your hand, invalid choice\n");
        -:  787:	      printf("Must gain an estate if there are any\n");
        -:  788:	    }
    #####:  789:	    if (supplyCount(estate, state) > 0){
branch  0 never executed
branch  1 never executed
    #####:  790:	      gainCard(estate, state, 0, currentPlayer);
    #####:  791:	      state->supplyCount[estate]--;//Decrement estates
    #####:  792:	      if (supplyCount(estate, state) == 0){
branch  0 never executed
branch  1 never executed
    #####:  793:		isGameOver(state);
    #####:  794:	      }
    #####:  795:	    }
    #####:  796:	    card_not_discarded = 0;//Exit the loop
    #####:  797:	  }
        -:  798:			    
        -:  799:	  else{
    #####:  800:	    p++;//Next card
        -:  801:	  }
        -:  802:	}
    #####:  803:      }
        -:  804:			    
        -:  805:      else{
    #####:  806:	if (supplyCount(estate, state) > 0){
branch  0 never executed
branch  1 never executed
    #####:  807:	  gainCard(estate, state, 0, currentPlayer);//Gain an estate
    #####:  808:	  state->supplyCount[estate]--;//Decrement Estates
    #####:  809:	  if (supplyCount(estate, state) == 0){
branch  0 never executed
branch  1 never executed
    #####:  810:	    isGameOver(state);
    #####:  811:	  }
    #####:  812:	}
        -:  813:      }
        -:  814:	    
        -:  815:      
    #####:  816:      return 0;
        -:  817:		
        -:  818:    case great_hall:
        -:  819:      //+1 Card
    #####:  820:      drawCard(currentPlayer, state);
        -:  821:			
        -:  822:      //+1 Actions
    #####:  823:      state->numActions++;
        -:  824:			
        -:  825:      //discard card from hand
    #####:  826:      discardCard(handPos, currentPlayer, state, 0);
    #####:  827:      return 0;
        -:  828:		
        -:  829:    case minion:
        -:  830:      //+1 action
    #####:  831:      state->numActions++;
        -:  832:			
        -:  833:      //discard card from hand
    #####:  834:      discardCard(handPos, currentPlayer, state, 0);
        -:  835:			
    #####:  836:      if (choice1)		//+2 coins
branch  0 never executed
branch  1 never executed
        -:  837:	{
    #####:  838:	  state->coins = state->coins + 2;
    #####:  839:	}
        -:  840:			
    #####:  841:      else if (choice2)		//discard hand, redraw 4, other players with 5+ cards discard hand and draw 4
branch  0 never executed
branch  1 never executed
        -:  842:	{
        -:  843:	  //discard hand
    #####:  844:	  while(numHandCards(state) > 0)
branch  0 never executed
branch  1 never executed
        -:  845:	    {
    #####:  846:	      discardCard(handPos, currentPlayer, state, 0);
        -:  847:	    }
        -:  848:				
        -:  849:	  //draw 4
    #####:  850:	  for (i = 0; i < 4; i++)
branch  0 never executed
branch  1 never executed
        -:  851:	    {
    #####:  852:	      drawCard(currentPlayer, state);
    #####:  853:	    }
        -:  854:				
        -:  855:	  //other players discard hand and redraw if hand size > 4
    #####:  856:	  for (i = 0; i < state->numPlayers; i++)
branch  0 never executed
branch  1 never executed
        -:  857:	    {
    #####:  858:	      if (i != currentPlayer)
branch  0 never executed
branch  1 never executed
        -:  859:		{
    #####:  860:		  if ( state->handCount[i] > 4 )
branch  0 never executed
branch  1 never executed
        -:  861:		    {
        -:  862:		      //discard hand
    #####:  863:		      while( state->handCount[i] > 0 )
branch  0 never executed
branch  1 never executed
        -:  864:			{
    #####:  865:			  discardCard(handPos, i, state, 0);
        -:  866:			}
        -:  867:							
        -:  868:		      //draw 4
    #####:  869:		      for (j = 0; j < 4; j++)
branch  0 never executed
branch  1 never executed
        -:  870:			{
    #####:  871:			  drawCard(i, state);
    #####:  872:			}
    #####:  873:		    }
    #####:  874:		}
    #####:  875:	    }
        -:  876:				
    #####:  877:	}
    #####:  878:      return 0;
        -:  879:		
        -:  880:    case steward:
    #####:  881:      if (choice1 == 1)
branch  0 never executed
branch  1 never executed
        -:  882:	{
        -:  883:	  //+2 cards
    #####:  884:	  drawCard(currentPlayer, state);
    #####:  885:	  drawCard(currentPlayer, state);
    #####:  886:	}
    #####:  887:      else if (choice1 == 2)
branch  0 never executed
branch  1 never executed
        -:  888:	{
        -:  889:	  //+2 coins
    #####:  890:	  state->coins = state->coins + 2;
    #####:  891:	}
        -:  892:      else
        -:  893:	{
        -:  894:	  //trash 2 cards in hand
    #####:  895:	  discardCard(choice2, currentPlayer, state, 1);
    #####:  896:	  discardCard(choice3, currentPlayer, state, 1);
        -:  897:	}
        -:  898:			
        -:  899:      //discard card from hand
    #####:  900:      discardCard(handPos, currentPlayer, state, 0);
    #####:  901:      return 0;
        -:  902:		
        -:  903:    case tribute:
    #####:  904:      if ((state->discardCount[nextPlayer] + state->deckCount[nextPlayer]) <= 1){
branch  0 never executed
branch  1 never executed
    #####:  905:	if (state->deckCount[nextPlayer] > 0){
branch  0 never executed
branch  1 never executed
    #####:  906:	  tributeRevealedCards[0] = state->deck[nextPlayer][state->deckCount[nextPlayer]-1];
    #####:  907:	  state->deckCount[nextPlayer]--;
    #####:  908:	}
    #####:  909:	else if (state->discardCount[nextPlayer] > 0){
branch  0 never executed
branch  1 never executed
    #####:  910:	  tributeRevealedCards[0] = state->discard[nextPlayer][state->discardCount[nextPlayer]-1];
    #####:  911:	  state->discardCount[nextPlayer]--;
    #####:  912:	}
        -:  913:	else{
        -:  914:	  //No Card to Reveal
        -:  915:	  if (DEBUG){
        -:  916:	    printf("No cards to reveal\n");
        -:  917:	  }
        -:  918:	}
    #####:  919:      }
        -:  920:	    
        -:  921:      else{
    #####:  922:	if (state->deckCount[nextPlayer] == 0){
branch  0 never executed
branch  1 never executed
    #####:  923:	  for (i = 0; i < state->discardCount[nextPlayer]; i++){
branch  0 never executed
branch  1 never executed
    #####:  924:	    state->deck[nextPlayer][i] = state->discard[nextPlayer][i];//Move to deck
    #####:  925:	    state->deckCount[nextPlayer]++;
    #####:  926:	    state->discard[nextPlayer][i] = -1;
    #####:  927:	    state->discardCount[nextPlayer]--;
    #####:  928:	  }
        -:  929:			    
    #####:  930:	  shuffle(nextPlayer,state);//Shuffle the deck
    #####:  931:	} 
    #####:  932:	tributeRevealedCards[0] = state->deck[nextPlayer][state->deckCount[nextPlayer]-1];
    #####:  933:	state->deck[nextPlayer][state->deckCount[nextPlayer]--] = -1;
    #####:  934:	state->deckCount[nextPlayer]--;
    #####:  935:	tributeRevealedCards[1] = state->deck[nextPlayer][state->deckCount[nextPlayer]-1];
    #####:  936:	state->deck[nextPlayer][state->deckCount[nextPlayer]--] = -1;
    #####:  937:	state->deckCount[nextPlayer]--;
        -:  938:      }    
        -:  939:		       
    #####:  940:      if (tributeRevealedCards[0] == tributeRevealedCards[1]){//If we have a duplicate card, just drop one 
branch  0 never executed
branch  1 never executed
    #####:  941:	state->playedCards[state->playedCardCount] = tributeRevealedCards[1];
    #####:  942:	state->playedCardCount++;
    #####:  943:	tributeRevealedCards[1] = -1;
    #####:  944:      }
        -:  945:
    #####:  946:      for (i = 0; i <= 2; i ++){
branch  0 never executed
branch  1 never executed
    #####:  947:	if (tributeRevealedCards[i] == copper || tributeRevealedCards[i] == silver || tributeRevealedCards[i] == gold){//Treasure cards
branch  0 never executed
branch  1 never executed
branch  2 never executed
branch  3 never executed
branch  4 never executed
branch  5 never executed
    #####:  948:	  state->coins += 2;
    #####:  949:	}
        -:  950:		    
    #####:  951:	else if (tributeRevealedCards[i] == estate || tributeRevealedCards[i] == duchy || tributeRevealedCards[i] == province || tributeRevealedCards[i] == gardens || tributeRevealedCards[i] == great_hall){//Victory Card Found
branch  0 never executed
branch  1 never executed
branch  2 never executed
branch  3 never executed
branch  4 never executed
branch  5 never executed
branch  6 never executed
branch  7 never executed
branch  8 never executed
branch  9 never executed
    #####:  952:	  drawCard(currentPlayer, state);
    #####:  953:	  drawCard(currentPlayer, state);
    #####:  954:	}
        -:  955:	else{//Action Card
    #####:  956:	  state->numActions = state->numActions + 2;
        -:  957:	}
    #####:  958:      }
        -:  959:	    
    #####:  960:      return 0;
        -:  961:		
        -:  962:    case ambassador:
    #####:  963:      j = 0;		//used to check if player has enough cards to discard
        -:  964:
    #####:  965:      if (choice2 > 2 || choice2 < 0)
branch  0 never executed
branch  1 never executed
branch  2 never executed
branch  3 never executed
        -:  966:	{
    #####:  967:	  return -1;				
        -:  968:	}
        -:  969:
    #####:  970:      if (choice1 == handPos)
branch  0 never executed
branch  1 never executed
        -:  971:	{
    #####:  972:	  return -1;
        -:  973:	}
        -:  974:
    #####:  975:      for (i = 0; i < state->handCount[currentPlayer]; i++)
branch  0 never executed
branch  1 never executed
        -:  976:	{
    #####:  977:	  if (i != handPos && i == state->hand[currentPlayer][choice1] && i != choice1)
branch  0 never executed
branch  1 never executed
branch  2 never executed
branch  3 never executed
branch  4 never executed
branch  5 never executed
        -:  978:	    {
    #####:  979:	      j++;
    #####:  980:	    }
    #####:  981:	}
    #####:  982:      if (j < choice2)
branch  0 never executed
branch  1 never executed
        -:  983:	{
    #####:  984:	  return -1;				
        -:  985:	}
        -:  986:
        -:  987:      if (DEBUG) 
        -:  988:	printf("Player %d reveals card number: %d\n", currentPlayer, state->hand[currentPlayer][choice1]);
        -:  989:
        -:  990:      //increase supply count for choosen card by amount being discarded
    #####:  991:      state->supplyCount[state->hand[currentPlayer][choice1]] += choice2;
        -:  992:			
        -:  993:      //each other player gains a copy of revealed card
    #####:  994:      for (i = 0; i < state->numPlayers; i++)
branch  0 never executed
branch  1 never executed
        -:  995:	{
    #####:  996:	  if (i != currentPlayer)
branch  0 never executed
branch  1 never executed
        -:  997:	    {
    #####:  998:	      gainCard(state->hand[currentPlayer][choice1], state, 0, i);
    #####:  999:	    }
    #####: 1000:	}
        -: 1001:
        -: 1002:      //discard played card from hand
    #####: 1003:      discardCard(handPos, currentPlayer, state, 0);			
        -: 1004:
        -: 1005:      //trash copies of cards returned to supply
    #####: 1006:      for (j = 0; j < choice2; j++)
branch  0 never executed
branch  1 never executed
        -: 1007:	{
    #####: 1008:	  for (i = 0; i < state->handCount[currentPlayer]; i++)
branch  0 never executed
branch  1 never executed
        -: 1009:	    {
    #####: 1010:	      if (state->hand[currentPlayer][i] == state->hand[currentPlayer][choice1])
branch  0 never executed
branch  1 never executed
        -: 1011:		{
    #####: 1012:		  discardCard(i, currentPlayer, state, 1);
    #####: 1013:		  break;
        -: 1014:		}
    #####: 1015:	    }
    #####: 1016:	}			
        -: 1017:
    #####: 1018:      return 0;
        -: 1019:		
        -: 1020:    case cutpurse:
        -: 1021:
    #####: 1022:      updateCoins(currentPlayer, state, 2);
    #####: 1023:      for (i = 0; i < state->numPlayers; i++)
branch  0 never executed
branch  1 never executed
        -: 1024:	{
    #####: 1025:	  if (i != currentPlayer)
branch  0 never executed
branch  1 never executed
        -: 1026:	    {
    #####: 1027:	      for (j = 0; j < state->handCount[i]; j++)
branch  0 never executed
branch  1 never executed
        -: 1028:		{
    #####: 1029:		  if (state->hand[i][j] == copper)
branch  0 never executed
branch  1 never executed
        -: 1030:		    {
    #####: 1031:		      discardCard(j, i, state, 0);
    #####: 1032:		      break;
        -: 1033:		    }
    #####: 1034:		  if (j == state->handCount[i])
branch  0 never executed
branch  1 never executed
        -: 1035:		    {
    #####: 1036:		      for (k = 0; k < state->handCount[i]; k++)
branch  0 never executed
branch  1 never executed
        -: 1037:			{
        -: 1038:			  if (DEBUG)
        -: 1039:			    printf("Player %d reveals card number %d\n", i, state->hand[i][k]);
    #####: 1040:			}	
    #####: 1041:		      break;
        -: 1042:		    }		
    #####: 1043:		}
        -: 1044:					
    #####: 1045:	    }
        -: 1046:				
    #####: 1047:	}				
        -: 1048:
        -: 1049:      //discard played card from hand
    #####: 1050:      discardCard(handPos, currentPlayer, state, 0);			
        -: 1051:
    #####: 1052:      return 0;
        -: 1053:
        -: 1054:		
        -: 1055:    case embargo: 
        -: 1056:      //+2 Coins
    #####: 1057:      state->coins = state->coins + 2;
        -: 1058:			
        -: 1059:      //see if selected pile is in play
    #####: 1060:      if ( state->supplyCount[choice1] == -1 )
branch  0 never executed
branch  1 never executed
        -: 1061:	{
    #####: 1062:	  return -1;
        -: 1063:	}
        -: 1064:			
        -: 1065:      //add embargo token to selected supply pile
    #####: 1066:      state->embargoTokens[choice1]++;
        -: 1067:			
        -: 1068:      //trash card
    #####: 1069:      discardCard(handPos, currentPlayer, state, 1);		
    #####: 1070:      return 0;
        -: 1071:		
        -: 1072:    case outpost:
        -: 1073:      //set outpost flag
    #####: 1074:      state->outpostPlayed++;
        -: 1075:			
        -: 1076:      //discard card
    #####: 1077:      discardCard(handPos, currentPlayer, state, 0);
    #####: 1078:      return 0;
        -: 1079:		
        -: 1080:    case salvager:
        -: 1081:      //+1 buy
    #####: 1082:      state->numBuys++;
        -: 1083:			
    #####: 1084:      if (choice1)
branch  0 never executed
branch  1 never executed
        -: 1085:	{
        -: 1086:	  //gain coins equal to trashed card
    #####: 1087:	  state->coins = state->coins + getCost( handCard(choice1, state) );
        -: 1088:	  //trash card
    #####: 1089:	  discardCard(choice1, currentPlayer, state, 1);	
    #####: 1090:	}
        -: 1091:			
        -: 1092:      //discard card
    #####: 1093:      discardCard(handPos, currentPlayer, state, 0);
    #####: 1094:      return 0;
        -: 1095:		
        -: 1096:    case sea_hag:
    #####: 1097:      for (i = 0; i < state->numPlayers; i++){
branch  0 never executed
branch  1 never executed
    #####: 1098:	if (i != currentPlayer){
branch  0 never executed
branch  1 never executed
    #####: 1099:	  state->discard[i][state->discardCount[i]] = state->deck[i][state->deckCount[i]--];			    state->deckCount[i]--;
    #####: 1100:	  state->discardCount[i]++;
    #####: 1101:	  state->deck[i][state->deckCount[i]--] = curse;//Top card now a curse
    #####: 1102:	}
    #####: 1103:      }
    #####: 1104:      return 0;
        -: 1105:		
        -: 1106:    case treasure_map:
        -: 1107:      //search hand for another treasure_map
    #####: 1108:      index = -1;
    #####: 1109:      for (i = 0; i < state->handCount[currentPlayer]; i++)
branch  0 never executed
branch  1 never executed
        -: 1110:	{
    #####: 1111:	  if (state->hand[currentPlayer][i] == treasure_map && i != handPos)
branch  0 never executed
branch  1 never executed
branch  2 never executed
branch  3 never executed
        -: 1112:	    {
    #####: 1113:	      index = i;
    #####: 1114:	      break;
        -: 1115:	    }
    #####: 1116:	}
    #####: 1117:      if (index > -1)
branch  0 never executed
branch  1 never executed
        -: 1118:	{
        -: 1119:	  //trash both treasure cards
    #####: 1120:	  discardCard(handPos, currentPlayer, state, 1);
    #####: 1121:	  discardCard(index, currentPlayer, state, 1);
        -: 1122:
        -: 1123:	  //gain 4 Gold cards
    #####: 1124:	  for (i = 0; i < 4; i++)
branch  0 never executed
branch  1 never executed
        -: 1125:	    {
    #####: 1126:	      gainCard(gold, state, 1, currentPlayer);
    #####: 1127:	    }
        -: 1128:				
        -: 1129:	  //return success
    #####: 1130:	  return 1;
        -: 1131:	}
        -: 1132:			
        -: 1133:      //no second treasure_map found in hand
    #####: 1134:      return -1;
        -: 1135:    }
        -: 1136:	
    #####: 1137:  return -1;
    #####: 1138:}
        -: 1139:
function discardCard called 11 returned 100% blocks executed 90%
        -: 1140:int discardCard(int handPos, int currentPlayer, struct gameState *state, int trashFlag)
        -: 1141:{
        -: 1142:	
        -: 1143:  //if card is not trashed, added to Played pile 
       11: 1144:  if (trashFlag < 1)
branch  0 taken 73%
branch  1 taken 27%
        -: 1145:    {
        -: 1146:      //add card to played pile
        8: 1147:      state->playedCards[state->playedCardCount] = state->hand[currentPlayer][handPos]; 
        8: 1148:      state->playedCardCount++;
        8: 1149:    }
        -: 1150:	
        -: 1151:  //set played card to -1
       11: 1152:  state->hand[currentPlayer][handPos] = -1;
        -: 1153:	
        -: 1154:  //remove card from player's hand
       11: 1155:  if ( handPos == (state->handCount[currentPlayer] - 1) ) 	//last card in hand array is played
branch  0 taken 9%
branch  1 taken 91%
        -: 1156:    {
        -: 1157:      //reduce number of cards in hand
        1: 1158:      state->handCount[currentPlayer]--;
        1: 1159:    }
       10: 1160:  else if ( state->handCount[currentPlayer] == 1 ) //only one card in hand
branch  0 taken 0%
branch  1 taken 100%
        -: 1161:    {
        -: 1162:      //reduce number of cards in hand
    #####: 1163:      state->handCount[currentPlayer]--;
    #####: 1164:    }
        -: 1165:  else 	
        -: 1166:    {
        -: 1167:      //replace discarded card with last card in hand
       10: 1168:      state->hand[currentPlayer][handPos] = state->hand[currentPlayer][ (state->handCount[currentPlayer] - 1)];
        -: 1169:      //set last card to -1
       10: 1170:      state->hand[currentPlayer][state->handCount[currentPlayer] - 1] = -1;
        -: 1171:      //reduce number of cards in hand
       10: 1172:      state->handCount[currentPlayer]--;
        -: 1173:    }
        -: 1174:	
       11: 1175:  return 0;
        -: 1176:}
        -: 1177:
function gainCard called 43 returned 100% blocks executed 100%
        -: 1178:int gainCard(int supplyPos, struct gameState *state, int toFlag, int player)
        -: 1179:{
        -: 1180:  //Note: supplyPos is enum of choosen card
        -: 1181:	
        -: 1182:  //check if supply pile is empty (0) or card is not used in game (-1)
       43: 1183:  if ( supplyCount(supplyPos, state) < 1 )
branch  0 taken 14%
branch  1 taken 86%
        -: 1184:    {
        6: 1185:      return -1;
        -: 1186:    }
        -: 1187:	
        -: 1188:  //added card for [whoseTurn] current player:
        -: 1189:  // toFlag = 0 : add to discard
        -: 1190:  // toFlag = 1 : add to deck
        -: 1191:  // toFlag = 2 : add to hand
        -: 1192:
       37: 1193:  if (toFlag == 1)
branch  0 taken 27%
branch  1 taken 73%
        -: 1194:    {
       10: 1195:      state->deck[ player ][ state->deckCount[player] ] = supplyPos;
       10: 1196:      state->deckCount[player]++;
       10: 1197:    }
       27: 1198:  else if (toFlag == 2)
branch  0 taken 63%
branch  1 taken 37%
        -: 1199:    {
       17: 1200:      state->hand[ player ][ state->handCount[player] ] = supplyPos;
       17: 1201:      state->handCount[player]++;
       17: 1202:    }
        -: 1203:  else
        -: 1204:    {
       10: 1205:      state->discard[player][ state->discardCount[player] ] = supplyPos;
       10: 1206:      state->discardCount[player]++;
        -: 1207:    }
        -: 1208:	
        -: 1209:  //decrease number in supply pile
       37: 1210:  state->supplyCount[supplyPos]--;
        -: 1211:	 
       37: 1212:  return 0;
       43: 1213:}
        -: 1214:
function updateCoins called 15 returned 100% blocks executed 100%
        -: 1215:int updateCoins(int player, struct gameState *state, int bonus)
        -: 1216:{
        -: 1217:  int i;
        -: 1218:	
        -: 1219:  //reset coin count
       15: 1220:  state->coins = 0;
        -: 1221:
        -: 1222:  //add coins for each Treasure card in player's hand
      180: 1223:  for (i = 0; i < state->handCount[player]; i++)
branch  0 taken 83%
branch  1 taken 17%
        -: 1224:    {
       75: 1225:      if (state->hand[player][i] == copper)
branch  0 taken 49%
branch  1 taken 51%
        -: 1226:	{
       37: 1227:	  state->coins += 1;
       37: 1228:	}
       38: 1229:      else if (state->hand[player][i] == silver)
branch  0 taken 13%
branch  1 taken 87%
        -: 1230:	{
        5: 1231:	  state->coins += 2;
        5: 1232:	}
       33: 1233:      else if (state->hand[player][i] == gold)
branch  0 taken 15%
branch  1 taken 85%
        -: 1234:	{
        5: 1235:	  state->coins += 3;
        5: 1236:	}	
       75: 1237:    }	
        -: 1238:
        -: 1239:  //add bonus
       15: 1240:  state->coins += bonus;
        -: 1241:
       15: 1242:  return 0;
        -: 1243:}
        -: 1244:
function adventurer_effect called 3 returned 100% blocks executed 100%
        -: 1245:int adventurer_effect(int drawntreasure, int currentPlayer, int cardDrawn, int z, int* temphand, struct gameState *state, int handPos){
        3: 1246:    int shuffle_count = 0;
       54: 1247:    while(drawntreasure < 2 && shuffle_count < 2){ //bug, increased treasure from 2 to 4
branch  0 taken 86%
branch  1 taken 14%
branch  2 taken 79%
branch  3 taken 21%
       11: 1248:        if(state->deckCount[currentPlayer] < 1){
branch  0 taken 27%
branch  1 taken 73%
        -: 1249:            //Step 1 Shuffle the discard pile back into a deck //responds to bug identified by test suite section 2
        -: 1250:            int i;
        -: 1251:            //Move discard to deck
       16: 1252:            for (i = 0; i < state->discardCount[currentPlayer];i++){
branch  0 taken 63%
branch  1 taken 38%
        5: 1253:                state->deck[currentPlayer][i] = state->discard[currentPlayer][i];
        5: 1254:                state->discard[currentPlayer][i] = -1;
        5: 1255:            }
        -: 1256:            
        3: 1257:            state->deckCount[currentPlayer] = state->discardCount[currentPlayer];
        3: 1258:            state->discardCount[currentPlayer] = 0;//Reset discard
        -: 1259:            
        -: 1260:            
        3: 1261:            shuffle(currentPlayer, state);
        3: 1262:            shuffle_count++;
        3: 1263:        }
       11: 1264:        int result = drawCard(currentPlayer, state);
       11: 1265:        cardDrawn = state->hand[currentPlayer][state->handCount[currentPlayer]-1];//top card of hand is most recently drawn card.
       25: 1266:        if (cardDrawn == copper || cardDrawn == silver || cardDrawn == gold){
branch  0 taken 64%
branch  1 taken 36%
branch  2 taken 100%
branch  3 taken 0%
branch  4 taken 0%
branch  5 taken 100%
        4: 1267:            drawntreasure++;
        4: 1268:            printf("Found a treasure, %d\n", cardDrawn);}
        -: 1269:        else{
        7: 1270:            if(result != -1){
branch  0 taken 71%
branch  1 taken 29%
        5: 1271:            temphand[z]=cardDrawn;
        5: 1272:            state->handCount[currentPlayer]--; //this should just remove the top card (the most recently drawn one).
        5: 1273:                z++;}
        -: 1274:        }
        -: 1275:    }
       16: 1276:    while(z-1>=0){
branch  0 taken 63%
branch  1 taken 38%
        5: 1277:        state->discard[currentPlayer][state->discardCount[currentPlayer]++]=temphand[z-1]; // discard all cards in play that have been drawn
        5: 1278:        z=z-1;
        -: 1279:    }
        -: 1280:    
        -: 1281:    //discard card from hand
        3: 1282:    discardCard(handPos, currentPlayer, state, 0);
        3: 1283:    return 0;
        -: 1284:}
        -: 1285:
function council_room_effect called 1 returned 100% blocks executed 100%
        -: 1286:int council_room_effect(int currentPlayer, struct gameState *state, int handPos){
        -: 1287:    
        -: 1288:    //+4 Cards
       10: 1289:    for (int i = 0; i < 4; i++)
branch  0 taken 80%
branch  1 taken 20%
        -: 1290:    {
        4: 1291:        drawCard(currentPlayer, state);
        4: 1292:    }
        -: 1293:    
        -: 1294:    //+1 Buy
        1: 1295:    state->numBuys++;
        -: 1296:    
        -: 1297:    //Each other player draws a card
        6: 1298:    for (int i = 0; i < state->numPlayers; i++)
branch  0 taken 67%
branch  1 taken 33%
        -: 1299:    {
        2: 1300:        if ( i != currentPlayer )
branch  0 taken 50%
branch  1 taken 50%
        -: 1301:        {
        1: 1302:            drawCard(i, state);
        -: 1303:            //drawCard(i, state); //bug - added additional card draw for other players
        1: 1304:        }
        2: 1305:    }
        -: 1306:    
        -: 1307:    //put played card in played card pile
        1: 1308:    discardCard(handPos, currentPlayer, state, 0);
        -: 1309:    
        1: 1310:    return 0;
        -: 1311:}
        -: 1312:
function smithy_effect called 1 returned 100% blocks executed 100%
        -: 1313:int smithy_effect(int currentPlayer, int handPos, struct gameState *state){
        -: 1314:    //+3 Cards
        8: 1315:    for (int i = 0; i < 3; i++) //bug, increased boundary from 3 to 4
branch  0 taken 75%
branch  1 taken 25%
        -: 1316:    {
        3: 1317:        drawCard(currentPlayer, state);
        3: 1318:    }
        -: 1319:    
        -: 1320:    //discard card from hand
        1: 1321:    discardCard(handPos, currentPlayer, state, 0);
        1: 1322:    return 0;
        -: 1323:}
        -: 1324:
        -: 1325:
function village_effect called 0 returned 0% blocks executed 0%
        -: 1326:int village_effect(int currentPlayer, struct gameState* state, int handPos){
        -: 1327:    //+1 Card
    #####: 1328:    drawCard(currentPlayer, state);
        -: 1329:    
        -: 1330:    //+2 Actions
    #####: 1331:    state->numActions = state->numActions + 2;
        -: 1332:    
        -: 1333:    //discard played card from hand
    #####: 1334:    discardCard(handPos, currentPlayer, state, 0);
    #####: 1335:    return 0;}
        -: 1336:
        -: 1337:
function mine_effect called 8 returned 100% blocks executed 100%
        -: 1338:int mine_effect(struct gameState* state, int choice1, int choice2, int currentPlayer, int handPos){
        8: 1339:    int j = state->hand[currentPlayer][choice1];  //store card we will trash
        -: 1340:    
       15: 1341:    if (state->hand[currentPlayer][choice1] < copper || state->hand[currentPlayer][choice1] > gold) //bug, reversed inequality signs
branch  0 taken 88%
branch  1 taken 13%
branch  2 taken 14%
branch  3 taken 86%
        -: 1342:    {
        2: 1343:        return -1;
        -: 1344:    }
        -: 1345:    
       11: 1346:    if (choice2 > gold || choice2 < copper) //bug, needed to limit to treasure cards
branch  0 taken 83%
branch  1 taken 17%
branch  2 taken 20%
branch  3 taken 80%
        -: 1347:    {
        2: 1348:        return -1;
        -: 1349:    }
        -: 1350:    
        4: 1351:    if ( (getCost(state->hand[currentPlayer][choice1]) + 3) < getCost(choice2) ) //bug, needed to reverse signs
branch  0 taken 25%
branch  1 taken 75%
        -: 1352:    {
        1: 1353:        return -1;
        -: 1354:    }
        -: 1355:    
        3: 1356:    gainCard(choice2, state, 2, currentPlayer);
        -: 1357:    
        -: 1358:    //discard card from hand
        3: 1359:    discardCard(handPos, currentPlayer, state, 0);
        -: 1360:    
        -: 1361:    //discard trashed card
        8: 1362:    for (int i = 0; i < state->handCount[currentPlayer]; i++)
branch  0 taken 100%
branch  1 taken 0%
        -: 1363:    {
        4: 1364:        if (state->hand[currentPlayer][i] == j)
branch  0 taken 75%
branch  1 taken 25%
        -: 1365:        {
        3: 1366:            discardCard(choice1, currentPlayer, state, 1); // fixed bug to trash card rather than move to played
        3: 1367:            break;
        -: 1368:        }
        1: 1369:    }
        -: 1370:    
       11: 1371:    return 0;}
        -: 1372:
        -: 1373:
        -: 1374:
        -: 1375:
        -: 1376://end of dominion.c
        -: 1377:
